<?xml version="1.0" encoding="UTF-8"?>
<!-- Generated by org.testng.reporters.JUnitReportReporter -->
<testsuite hostname="AFSWWI9CYZ2H4A" failures="0" tests="8" name="com.developerscorner.provider.service.UserServiceTest" time="0.120" errors="0" timestamp="2023-01-31T14:08:51 CST" skipped="0">
  <testcase classname="com.developerscorner.provider.service.UserServiceTest" name="shouldDeleteAUser" time="0.061"/>
  <system-out/>
  <testcase classname="com.developerscorner.provider.service.UserServiceTest" name="shouldSaveAUser" time="0.022"/>
  <system-out/>
  <testcase classname="com.developerscorner.provider.service.UserServiceTest" name="shouldUpdateAUser" time="0.005"/>
  <system-out/>
  <testcase classname="com.developerscorner.provider.service.UserServiceTest" name="shouldFindUserByEmail" time="0.009"/>
  <system-out/>
  <testcase classname="com.developerscorner.provider.service.UserServiceTest" name="shouldThrowNotFoundExceptionIfUserByEmailNotExists" time="0.007"/>
  <system-out/>
  <testcase classname="com.developerscorner.provider.service.UserServiceTest" name="shouldFindAllUsers" time="0.003"/>
  <system-out/>
  <testcase classname="com.developerscorner.provider.service.UserServiceTest" name="shouldThrowNotFoundExceptionIfUserByIdNotExists" time="0.004"/>
  <system-out/>
  <testcase classname="com.developerscorner.provider.service.UserServiceTest" name="shouldFindUserById" time="0.009"/>
  <system-out/>
</testsuite> <!-- com.developerscorner.provider.service.UserServiceTest -->
