<?xml version="1.0" encoding="UTF-8"?>
<!-- Generated by org.testng.reporters.JUnitReportReporter -->
<testsuite hostname="AFSWWI9CYZ2H4A" failures="0" tests="11" name="com.developerscorner.provider.service.ChatMessageServiceTest" time="0.034" errors="0" timestamp="2023-01-31T14:06:26 CST" skipped="0">
  <testcase classname="com.developerscorner.provider.service.ChatMessageServiceTest" name="shouldUpdateStatuses" time="0.002"/>
  <system-out/>
  <testcase classname="com.developerscorner.provider.service.ChatMessageServiceTest" name="shouldFindChatMessagesBySenderAndReceiver" time="0.006"/>
  <system-out/>
  <testcase classname="com.developerscorner.provider.service.ChatMessageServiceTest" name="shouldThrowNotFoundExceptionIfByIdNotExists" time="0.004"/>
  <system-out/>
  <testcase classname="com.developerscorner.provider.service.ChatMessageServiceTest" name="shouldSaveChatMessage" time="0.003"/>
  <system-out/>
  <testcase classname="com.developerscorner.provider.service.ChatMessageServiceTest" name="shouldFindChatMessageById" time="0.003"/>
  <system-out/>
  <testcase classname="com.developerscorner.provider.service.ChatMessageServiceTest" name="shouldFindChatMessageBySender" time="0.002"/>
  <system-out/>
  <testcase classname="com.developerscorner.provider.service.ChatMessageServiceTest" name="shouldFindChatMessageByReceiver" time="0.002"/>
  <system-out/>
  <testcase classname="com.developerscorner.provider.service.ChatMessageServiceTest" name="shouldFindChatMessages" time="0.002"/>
  <system-out/>
  <testcase classname="com.developerscorner.provider.service.ChatMessageServiceTest" name="shouldThrowNotFoundExceptionIfBySenderNotExists" time="0.003"/>
  <system-out/>
  <testcase classname="com.developerscorner.provider.service.ChatMessageServiceTest" name="shouldThrowNotFoundExceptionIfByReceiverNotExists" time="0.003"/>
  <system-out/>
  <testcase classname="com.developerscorner.provider.service.ChatMessageServiceTest" name="shouldCountNewMessages" time="0.004"/>
  <system-out/>
</testsuite> <!-- com.developerscorner.provider.service.ChatMessageServiceTest -->
