<?xml version="1.0" encoding="UTF-8"?>
<!-- Generated by org.testng.reporters.JUnitReportReporter -->
<testsuite hostname="AFSWWI9CYZ2H4A" failures="0" tests="5" name="com.developerscorner.provider.uiTests.QuestionsPageTest" time="4.740" errors="0" timestamp="2023-02-09T09:17:50 CST" skipped="0">
  <testcase classname="com.developerscorner.provider.uiTests.QuestionsPageTest" name="shouldCreateQuestion" time="1.051"/>
  <system-out/>
  <testcase classname="com.developerscorner.provider.uiTests.QuestionsPageTest" name="shouldGetQuestionsPage" time="0.615"/>
  <system-out/>
  <testcase classname="com.developerscorner.provider.uiTests.QuestionsPageTest" name="shouldEditAQuestion" time="1.272"/>
  <system-out/>
  <testcase classname="com.developerscorner.provider.uiTests.QuestionsPageTest" name="shouldDisplayFieldRequiredIfOneOfTheFieldsIsBlank" time="1.150"/>
  <system-out/>
  <testcase classname="com.developerscorner.provider.uiTests.QuestionsPageTest" name="shouldDeleteAQuestion" time="0.652"/>
  <system-out/>
</testsuite> <!-- com.developerscorner.provider.uiTests.QuestionsPageTest -->
