<?xml version="1.0" encoding="UTF-8"?>
<!-- Generated by org.testng.reporters.JUnitReportReporter -->
<testsuite hostname="AFSWWI9CYZ2H4A" failures="0" tests="4" name="com.developerscorner.provider.uiTests.ProfilePageTest" time="3.630" errors="0" timestamp="2023-02-09T09:17:50 CST" skipped="0">
  <testcase classname="com.developerscorner.provider.uiTests.ProfilePageTest" name="shouldCheckCurrentUserExists" time="0.562"/>
  <system-out/>
  <testcase classname="com.developerscorner.provider.uiTests.ProfilePageTest" name="shouldEditProfile" time="1.486"/>
  <system-out/>
  <testcase classname="com.developerscorner.provider.uiTests.ProfilePageTest" name="shouldGetProfilePage" time="0.591"/>
  <system-out/>
  <testcase classname="com.developerscorner.provider.uiTests.ProfilePageTest" name="shouldDisplayFieldRequiredIfOnceOfTheFieldsIsBlank" time="0.991"/>
  <system-out/>
</testsuite> <!-- com.developerscorner.provider.uiTests.ProfilePageTest -->
