<?xml version="1.0" encoding="UTF-8"?>
<!-- Generated by org.testng.reporters.JUnitReportReporter -->
<testsuite hostname="AFSWWI9CYZ2H4A" failures="0" tests="12" name="com.developerscorner.provider.service.QuestionServiceTest" time="0.046" errors="0" timestamp="2023-01-31T14:09:24 CST" skipped="0">
  <testcase classname="com.developerscorner.provider.service.QuestionServiceTest" name="shouldDeleteAQuestion" time="0.004"/>
  <system-out/>
  <testcase classname="com.developerscorner.provider.service.QuestionServiceTest" name="shouldFindQuestionByUserId" time="0.004"/>
  <system-out/>
  <testcase classname="com.developerscorner.provider.service.QuestionServiceTest" name="shouldThrowNotFoundExceptionIfNoQuestionsExists" time="0.002"/>
  <system-out/>
  <testcase classname="com.developerscorner.provider.service.QuestionServiceTest" name="shouldThrowNotFoundExceptionIfQuestionByIdNotExists" time="0.004"/>
  <system-out/>
  <testcase classname="com.developerscorner.provider.service.QuestionServiceTest" name="shouldFindAllQuestions" time="0.003"/>
  <system-out/>
  <testcase classname="com.developerscorner.provider.service.QuestionServiceTest" name="shouldThrowNotFoundExceptionSavingAQuestionIfUserNotExists" time="0.005"/>
  <system-out/>
  <testcase classname="com.developerscorner.provider.service.QuestionServiceTest" name="shouldFindQuestionByUsername" time="0.004"/>
  <system-out/>
  <testcase classname="com.developerscorner.provider.service.QuestionServiceTest" name="shouldUpdateAQuestion" time="0.005"/>
  <system-out/>
  <testcase classname="com.developerscorner.provider.service.QuestionServiceTest" name="shouldFindQuestionById" time="0.003"/>
  <system-out/>
  <testcase classname="com.developerscorner.provider.service.QuestionServiceTest" name="shouldThrowNotFoundExceptionIfQuestionByUserIdNotExists" time="0.002"/>
  <system-out/>
  <testcase classname="com.developerscorner.provider.service.QuestionServiceTest" name="shouldThrowNotFoundExceptionIfQuestionByUsernameNotExists" time="0.004"/>
  <system-out/>
  <testcase classname="com.developerscorner.provider.service.QuestionServiceTest" name="shouldSaveAQuestion" time="0.006"/>
  <system-out/>
</testsuite> <!-- com.developerscorner.provider.service.QuestionServiceTest -->
