<?xml version="1.0" encoding="UTF-8"?>
<!-- Generated by org.testng.reporters.JUnitReportReporter -->
<testsuite hostname="AFSWWI9CYZ2H4A" failures="0" tests="3" name="com.developerscorner.provider.uiTests.HomePageTest" time="3.175" errors="0" timestamp="2023-02-09T09:17:50 CST" skipped="0">
  <testcase classname="com.developerscorner.provider.uiTests.HomePageTest" name="shouldDisplayFieldIsRequiredIfUsernameNotFilled" time="1.121"/>
  <system-out/>
  <testcase classname="com.developerscorner.provider.uiTests.HomePageTest" name="shoulGetHomePage" time="0.879"/>
  <system-out/>
  <testcase classname="com.developerscorner.provider.uiTests.HomePageTest" name="shouldCreateQuestion" time="1.175"/>
  <system-out/>
</testsuite> <!-- com.developerscorner.provider.uiTests.HomePageTest -->
