<?xml version="1.0" encoding="UTF-8"?>
<!-- Generated by org.testng.reporters.JUnitReportReporter -->
<testsuite hostname="AFSWWI9CYZ2H4A" failures="0" tests="2" name="com.developerscorner.provider.uiTests.RegisterPageTest" time="2.525" errors="0" timestamp="2023-02-09T09:17:50 CST" skipped="0">
  <testcase classname="com.developerscorner.provider.uiTests.RegisterPageTest" name="shouldDisplayFieldIsRequiredIfOneOfTheFieldIsBlank" time="1.653"/>
  <system-out/>
  <testcase classname="com.developerscorner.provider.uiTests.RegisterPageTest" name="shouldRegisterAUser" time="0.872"/>
  <system-out/>
</testsuite> <!-- com.developerscorner.provider.uiTests.RegisterPageTest -->
