<?xml version="1.0" encoding="UTF-8"?>
<!-- Generated by org.testng.reporters.JUnitReportReporter -->
<testsuite hostname="AFSWWI9CYZ2H4A" failures="0" tests="1" name="com.developerscorner.provider.ProviderApplicationTests" time="0.004" errors="0" timestamp="2023-01-31T14:09:24 CST" skipped="0">
  <testcase classname="com.developerscorner.provider.ProviderApplicationTests" name="contextLoads" time="0.004"/>
  <system-out/>
</testsuite> <!-- com.developerscorner.provider.ProviderApplicationTests -->
